2023-10-17T16:41:18.027451+0800 INFO 测试url为: http://meikefresh.5istudy.online/code/
2023-10-17T16:41:18.029406+0800 INFO 测试方法为: post
2023-10-17T16:44:20.661992+0800 INFO 测试url为: http://meikefresh.5istudy.online/code/
2023-10-17T16:44:20.662986+0800 INFO 测试方法为: post
2023-10-17T16:44:47.828261+0800 INFO 测试url为: http://meikefresh.5istudy.online/code/
2023-10-17T16:44:47.828261+0800 INFO 测试方法为: post
2023-10-17T16:47:29.254580+0800 INFO 测试url为: http://meikefresh.5istudy.online/code/
2023-10-17T16:47:29.254580+0800 INFO 测试方法为: post
2023-10-17T16:49:40.196639+0800 INFO 测试url为: http://admin.5istudy.online/code/
2023-10-17T16:49:40.196639+0800 INFO 测试方法为: post
2023-10-17T16:49:40.342748+0800 INFO 接口返回状态码不是2开头，请检查接口
2023-10-17T16:50:49.223035+0800 INFO 测试url为: http://admin.5istudy.online/code/
2023-10-17T16:50:49.223035+0800 INFO 测试方法为: post
2023-10-17T16:50:49.872147+0800 INFO 接口返回状态码不是2开头，请检查接口
2023-10-17T16:50:49.872147+0800 INFO 接口返回内容为 >> {"mobile": ["\u7528\u6237\u5df2\u7ecf\u5b58\u5728"]}
2023-10-17T16:55:36.176428+0800 INFO 测试url为: http://admin.5istudy.online/code/
2023-10-17T16:55:36.176428+0800 INFO 测试方法为: post
2023-10-17T16:55:36.260745+0800 INFO 接口返回状态码不是2开头，请检查接口
2023-10-17T16:55:36.260745+0800 INFO 接口返回内容为 >> {"mobile": ["\u7528\u6237\u5df2\u7ecf\u5b58\u5728"]}
2023-10-17T16:56:18.655097+0800 INFO 测试url为: http://admin.5istudy.online/code/
2023-10-17T16:56:18.655097+0800 INFO 测试方法为: post
2023-10-17T16:56:18.794639+0800 INFO 接口返回内容为 >> {"mobile": "15312345677"}
2023-10-17T16:57:15.433188+0800 INFO 测试url为: http://admin.5istudy.online/code/
2023-10-17T16:57:15.433188+0800 INFO 测试方法为: post
2023-10-17T16:57:15.497216+0800 INFO 接口返回状态码不是2开头，请检查接口
2023-10-17T16:57:15.497761+0800 INFO 接口返回内容为 >> {"mobile": ["\u8bf7\u786e\u4fdd\u8fd9\u4e2a\u5b57\u6bb5\u4e0d\u80fd\u8d85\u8fc7 11 \u4e2a\u5b57\u7b26\u3002"]}
2023-10-17T16:58:58.976305+0800 INFO 测试url为: http://admin.5istudy.online/code/
2023-10-17T16:58:58.976305+0800 INFO 测试方法为: post
2023-10-17T16:58:59.013692+0800 INFO 接口返回状态码不是2开头，请检查接口
2023-10-17T16:58:59.013796+0800 INFO 接口返回内容为 >> {"mobile": ["\u8bf7\u786e\u4fdd\u8fd9\u4e2a\u5b57\u6bb5\u4e0d\u80fd\u8d85\u8fc7 11 \u4e2a\u5b57\u7b26\u3002"]}
