2023-10-19T16:19:48.813252+0800 INFO ------------------Mysql连接失败------------------
2023-10-19T16:22:33.619126+0800 INFO ------------------Mysql连接成功------------------
2023-10-19T16:23:30.930628+0800 INFO ------------------Mysql连接成功------------------
2023-10-19T16:23:42.042459+0800 INFO ------------------Mysql连接成功------------------
2023-10-19T16:23:42.042459+0800 INFO ------------------关闭Mysql连接------------------
2023-10-19T16:37:51.008993+0800 INFO ------------------Mysql连接成功------------------
2023-10-19T16:37:51.018095+0800 INFO ------------------Mysql查询成功------------------
2023-10-19T16:37:51.020144+0800 INFO ------------------关闭Mysql连接------------------
2023-10-19T16:38:47.889219+0800 INFO ------------------Mysql连接成功------------------
2023-10-19T16:38:47.898433+0800 INFO ------------------Mysql查询成功------------------
2023-10-19T16:38:47.899430+0800 INFO ------------------关闭Mysql连接------------------
2023-10-19T18:01:38.305459+0800 INFO ------------------Mysql连接成功------------------
2023-10-19T18:01:41.531376+0800 INFO 测试url为: http://admin.5istudy.online/code/
2023-10-19T18:01:41.531376+0800 INFO 测试方法为: post
2023-10-19T18:01:41.608465+0800 INFO 接口返回内容为 >> {"mobile": "14502766594"}
2023-10-19T18:01:41.615719+0800 INFO ------------------Mysql查询成功------------------
2023-10-19T19:02:03.029423+0800 INFO ------------------Mysql连接成功------------------
2023-10-19T19:02:06.995371+0800 INFO 测试url为: http://admin.5istudy.online/code/
2023-10-19T19:02:06.995371+0800 INFO 测试方法为: post
2023-10-19T19:02:07.067691+0800 INFO 接口返回内容为 >> {"mobile": "18983035578"}
2023-10-19T19:02:07.077155+0800 INFO ------------------Mysql查询成功------------------
2023-10-19T19:02:07.077155+0800 INFO 测试url为: http://admin.5istudy.online/users/
2023-10-19T19:02:07.077155+0800 INFO 测试方法为: post
2023-10-19T19:02:07.186897+0800 INFO 接口返回内容为 >> {"username": "18983035578", "mobile": "18983035578", "token": "eyJ0eXAiOiJKV1QiLCJhbGciOiJIUzI1NiJ9.eyJ1c2VyX2lkIjoyMjg1NzMsInVzZXJuYW1lIjoiMTg5ODMwMzU1NzgiLCJleHAiOjE2OTgzMTgxMjcsImVtYWlsIjpudWxsfQ._0EKQxnILbeV9pE6GvVpP2wIJltvMh1482gWDiqEz5A", "name": "18983035578"}
2023-10-19T19:26:01.628000+0800 INFO ------------------Mysql连接成功------------------
2023-10-19T19:26:01.680029+0800 INFO ------------------Mysql连接成功------------------
2023-10-19T19:26:01.692360+0800 INFO ------------------Mysql执行失败,进行回滚------------------
2023-10-19T19:26:01.693385+0800 INFO ------------------关闭Mysql连接------------------
2023-10-19T19:26:29.021394+0800 INFO ------------------Mysql连接成功------------------
2023-10-19T19:26:30.068083+0800 INFO ------------------Mysql连接成功------------------
2023-10-19T19:26:30.076313+0800 INFO ------------------Mysql执行失败,进行回滚------------------
2023-10-19T19:26:30.076862+0800 INFO ------------------关闭Mysql连接------------------
2023-10-19T19:27:25.972161+0800 INFO ------------------Mysql连接成功------------------
2023-10-19T19:27:25.989635+0800 INFO ------------------Mysql执行成功------------------
2023-10-19T19:27:25.990232+0800 INFO ------------------关闭Mysql连接------------------
2023-10-19T19:28:06.041101+0800 INFO ------------------Mysql连接成功------------------
2023-10-19T19:28:06.069264+0800 INFO ------------------Mysql执行成功------------------
2023-10-19T19:28:06.069816+0800 INFO ------------------关闭Mysql连接------------------
2023-10-19T19:29:31.849451+0800 INFO ------------------Mysql连接成功------------------
2023-10-19T19:29:31.872640+0800 INFO ------------------Mysql执行成功------------------
2023-10-19T19:29:31.872640+0800 INFO ------------------关闭Mysql连接------------------
2023-10-19T19:39:24.193963+0800 INFO ------------------Mysql连接成功------------------
2023-10-19T19:39:25.925833+0800 INFO 测试url为: http://admin.5istudy.online/code/
2023-10-19T19:39:25.925833+0800 INFO 测试方法为: post
2023-10-19T19:39:25.992622+0800 INFO 接口返回内容为 >> {"mobile": "18812464289"}
2023-10-19T19:39:26.003026+0800 INFO ------------------Mysql查询成功------------------
2023-10-19T19:39:26.003576+0800 INFO verifycode: >>>
2023-10-19T19:39:26.003576+0800 INFO 测试url为: http://admin.5istudy.online/users/
2023-10-19T19:39:26.003576+0800 INFO 测试方法为: post
2023-10-19T19:39:26.117200+0800 INFO 接口返回内容为 >> {"username": "18812464289", "mobile": "18812464289", "token": "eyJ0eXAiOiJKV1QiLCJhbGciOiJIUzI1NiJ9.eyJ1c2VyX2lkIjoyMjg1NzQsInVzZXJuYW1lIjoiMTg4MTI0NjQyODkiLCJleHAiOjE2OTgzMjAzNjYsImVtYWlsIjpudWxsfQ.1XsfKT7PgAGFCvg5XPuPoF4nRVOEswffl1lNjBGvs0k", "name": "18812464289"}
2023-10-19T19:39:26.155003+0800 INFO ------------------Mysql执行成功------------------
